"2020-08-11 09:59:49,124 INFO  [restartedMain] br.com.hdi.reinsurance.accounting.ReinsuranceApplication = Starting ReinsuranceApplication on HP-NOTEBOOK with PID 22172 (C:\Users\HP\IdeaProjects\ins-cr-policy-reinsurance-accounting-be\target\classes started by rpsilva in C:\Users\HP\IdeaProjects\ins-cr-policy-reinsurance-accounting-be)
""2020-08-11 09:59:49,188 INFO  [restartedMain] br.com.hdi.reinsurance.accounting.ReinsuranceApplication = No active profile set, falling back to default profiles: default
""2020-08-11 09:59:49,357 INFO  [restartedMain] org.springframework.boot.devtools.env.DevToolsPropertyDefaultsPostProcessor = Devtools property defaults active! Set 'spring.devtools.add-properties' to 'false' to disable
""2020-08-11 09:59:49,369 INFO  [restartedMain] org.springframework.boot.devtools.env.DevToolsPropertyDefaultsPostProcessor = For additional web related logging consider setting the 'logging.level.web' property to 'DEBUG'
""2020-08-11 09:59:53,969 INFO  [restartedMain] org.springframework.context.support.PostProcessorRegistrationDelegate$BeanPostProcessorChecker = Bean 'org.springframework.transaction.annotation.ProxyTransactionManagementConfiguration' of type [org.springframework.transaction.annotation.ProxyTransactionManagementConfiguration$$EnhancerBySpringCGLIB$$e271e7a5] is not eligible for getting processed by all BeanPostProcessors (for example: not eligible for auto-proxying)
""2020-08-11 09:59:55,928 INFO  [restartedMain] org.springframework.boot.web.embedded.tomcat.TomcatWebServer = Tomcat initialized with port(s): 8080 (http)
""2020-08-11 09:59:56,112 INFO  [restartedMain] org.apache.catalina.core.StandardService = Starting service [Tomcat]
""2020-08-11 09:59:56,118 INFO  [restartedMain] org.apache.catalina.core.StandardEngine = Starting Servlet engine: [Apache Tomcat/9.0.22]
""2020-08-11 09:59:56,826 INFO  [restartedMain] org.apache.catalina.core.ContainerBase.[Tomcat].[localhost].[/] = Initializing Spring embedded WebApplicationContext
""2020-08-11 09:59:56,827 INFO  [restartedMain] org.springframework.web.context.ContextLoader = Root WebApplicationContext: initialization completed in 7450 ms
""2020-08-11 09:59:58,172 INFO  [restartedMain] org.springframework.aop.framework.CglibAopProxy = Unable to proxy interface-implementing method [public final void org.springframework.dao.support.DaoSupport.afterPropertiesSet() throws java.lang.IllegalArgumentException,org.springframework.beans.factory.BeanInitializationException] because it is marked as final: Consider using interface-based JDK proxies instead!
""2020-08-11 09:59:58,699 INFO  [restartedMain] org.springframework.scheduling.concurrent.ThreadPoolTaskExecutor = Initializing ExecutorService 'applicationTaskExecutor'
""2020-08-11 10:00:00,111 INFO  [restartedMain] org.springframework.boot.devtools.autoconfigure.OptionalLiveReloadServer = LiveReload server is running on port 35729
""2020-08-11 10:00:00,144 INFO  [restartedMain] org.springframework.boot.actuate.endpoint.web.EndpointLinksResolver = Exposing 2 endpoint(s) beneath base path '/actuator'
""2020-08-11 10:00:00,520 INFO  [restartedMain] org.springframework.boot.web.embedded.tomcat.TomcatWebServer = Tomcat started on port(s): 8080 (http) with context path ''
""2020-08-11 10:00:00,532 INFO  [restartedMain] br.com.hdi.reinsurance.accounting.ReinsuranceApplication = Started ReinsuranceApplication in 13.186 seconds (JVM running for 16.581)
""2020-08-11 10:12:26,032 INFO  [http-nio-8080-exec-2] org.apache.catalina.core.ContainerBase.[Tomcat].[localhost].[/] = Initializing Spring DispatcherServlet 'dispatcherServlet'
""2020-08-11 10:12:26,033 INFO  [http-nio-8080-exec-2] org.springframework.web.servlet.DispatcherServlet = Initializing Servlet 'dispatcherServlet'
""2020-08-11 10:12:26,047 INFO  [http-nio-8080-exec-2] org.springframework.web.servlet.DispatcherServlet = Completed initialization in 14 ms
""2020-08-11 10:12:26,154 INFO  [http-nio-8080-exec-2] br.com.hdi.reinsurance.accounting.controller.ReinsuranceController = Business Validation - REQUEST PARAMS: xCompanyId:1 | xApplicationId:2 | xUserId:"icatu" | xTraceId:"4"
""2020-08-11 10:12:26,186 INFO  [http-nio-8080-exec-2] br.com.hdi.reinsurance.accounting.service.ReinsuranceService = > Processing PMD Accounting...
""2020-08-11 10:12:26,198 INFO  [http-nio-8080-exec-2] br.com.hdi.reinsurance.accounting.service.ReinsuranceService = > [START] Getting param date to filter PMD ...
""2020-08-11 10:12:44,841 WARN  [http-nio-8080-exec-2] org.springframework.web.servlet.mvc.method.annotation.ExceptionHandlerExceptionResolver = Resolved [br.com.hdi.reinsurance.accounting.handle.ApiException: 401 Unauthorized]
""2020-08-11 13:47:46,291 INFO  [restartedMain] br.com.hdi.reinsurance.accounting.ReinsuranceApplication = Starting ReinsuranceApplication on HP-NOTEBOOK with PID 49304 (C:\Users\HP\IdeaProjects\ins-cr-policy-reinsurance-accounting-be\target\classes started by rpsilva in C:\Users\HP\IdeaProjects\ins-cr-policy-reinsurance-accounting-be)
""2020-08-11 13:47:46,304 INFO  [restartedMain] br.com.hdi.reinsurance.accounting.ReinsuranceApplication = No active profile set, falling back to default profiles: default
""2020-08-11 13:47:46,612 INFO  [restartedMain] org.springframework.boot.devtools.env.DevToolsPropertyDefaultsPostProcessor = Devtools property defaults active! Set 'spring.devtools.add-properties' to 'false' to disable
""2020-08-11 13:47:46,613 INFO  [restartedMain] org.springframework.boot.devtools.env.DevToolsPropertyDefaultsPostProcessor = For additional web related logging consider setting the 'logging.level.web' property to 'DEBUG'
""2020-08-11 13:47:53,730 INFO  [restartedMain] org.springframework.context.support.PostProcessorRegistrationDelegate$BeanPostProcessorChecker = Bean 'org.springframework.transaction.annotation.ProxyTransactionManagementConfiguration' of type [org.springframework.transaction.annotation.ProxyTransactionManagementConfiguration$$EnhancerBySpringCGLIB$$2b41793b] is not eligible for getting processed by all BeanPostProcessors (for example: not eligible for auto-proxying)
""2020-08-11 13:47:57,004 INFO  [restartedMain] org.springframework.boot.web.embedded.tomcat.TomcatWebServer = Tomcat initialized with port(s): 8080 (http)
""2020-08-11 13:47:57,118 INFO  [restartedMain] org.apache.catalina.core.StandardService = Starting service [Tomcat]
""2020-08-11 13:47:57,119 INFO  [restartedMain] org.apache.catalina.core.StandardEngine = Starting Servlet engine: [Apache Tomcat/9.0.22]
""2020-08-11 13:47:57,854 INFO  [restartedMain] org.apache.catalina.core.ContainerBase.[Tomcat].[localhost].[/] = Initializing Spring embedded WebApplicationContext
""2020-08-11 13:47:57,855 INFO  [restartedMain] org.springframework.web.context.ContextLoader = Root WebApplicationContext: initialization completed in 11242 ms
""2020-08-11 13:48:01,562 INFO  [restartedMain] org.springframework.aop.framework.CglibAopProxy = Unable to proxy interface-implementing method [public final void org.springframework.dao.support.DaoSupport.afterPropertiesSet() throws java.lang.IllegalArgumentException,org.springframework.beans.factory.BeanInitializationException] because it is marked as final: Consider using interface-based JDK proxies instead!
""2020-08-11 13:48:03,003 INFO  [restartedMain] org.springframework.scheduling.concurrent.ThreadPoolTaskExecutor = Initializing ExecutorService 'applicationTaskExecutor'
""2020-08-11 13:48:06,897 INFO  [restartedMain] org.springframework.boot.devtools.autoconfigure.OptionalLiveReloadServer = LiveReload server is running on port 35729
""2020-08-11 13:48:06,963 INFO  [restartedMain] org.springframework.boot.actuate.endpoint.web.EndpointLinksResolver = Exposing 2 endpoint(s) beneath base path '/actuator'
""2020-08-11 13:48:07,641 INFO  [restartedMain] org.springframework.boot.web.embedded.tomcat.TomcatWebServer = Tomcat started on port(s): 8080 (http) with context path ''
""2020-08-11 13:48:07,648 INFO  [restartedMain] br.com.hdi.reinsurance.accounting.ReinsuranceApplication = Started ReinsuranceApplication in 23.379 seconds (JVM running for 25.496)
""2020-08-11 14:14:37,853 INFO  [http-nio-8080-exec-2] org.apache.catalina.core.ContainerBase.[Tomcat].[localhost].[/] = Initializing Spring DispatcherServlet 'dispatcherServlet'
""2020-08-11 14:14:37,854 INFO  [http-nio-8080-exec-2] org.springframework.web.servlet.DispatcherServlet = Initializing Servlet 'dispatcherServlet'
""2020-08-11 14:14:37,878 INFO  [http-nio-8080-exec-2] org.springframework.web.servlet.DispatcherServlet = Completed initialization in 24 ms
""2020-08-11 14:14:38,083 INFO  [http-nio-8080-exec-2] br.com.hdi.reinsurance.accounting.controller.ReinsuranceController = Business Validation - REQUEST PARAMS: xCompanyId:1 | xApplicationId:2 | xUserId:"icatu" | xTraceId:"4"
""2020-08-11 14:14:38,115 INFO  [http-nio-8080-exec-2] br.com.hdi.reinsurance.accounting.service.ReinsuranceService = > Processing PMD Accounting...
""2020-08-11 14:14:38,119 INFO  [http-nio-8080-exec-2] br.com.hdi.reinsurance.accounting.service.ReinsuranceService = > [START] Getting param date to filter PMD ...
""2020-08-11 14:14:39,654 INFO  [http-nio-8080-exec-2] br.com.hdi.reinsurance.accounting.service.ReinsuranceService = > [END] Getting param date to filter PMD ...
""2020-08-11 14:14:39,655 INFO  [http-nio-8080-exec-2] br.com.hdi.reinsurance.accounting.service.ReinsuranceService = > [START] Getting PMD via Query Connector ...
""2020-08-11 14:14:40,374 INFO  [http-nio-8080-exec-2] br.com.hdi.reinsurance.accounting.service.ReinsuranceService = > [END] Getting PMD via Query Connector ...
""2020-08-11 14:14:41,344 INFO  [http-nio-8080-exec-2] br.com.hdi.reinsurance.accounting.service.ReinsuranceService = > Processing entries 1...
""2020-08-11 14:14:41,366 INFO  [http-nio-8080-exec-2] br.com.hdi.reinsurance.accounting.service.ReinsuranceService = > [START] Updating database flag on row 1...
""2020-08-11 14:14:41,366 INFO  [http-nio-8080-exec-2] br.com.hdi.reinsurance.accounting.service.ReinsuranceService = > [END]   Updating database flag on row 1...
""2020-08-11 14:14:41,537 INFO  [http-nio-8080-exec-2] br.com.hdi.reinsurance.accounting.service.ReinsuranceService = > Processing entries 2...
""2020-08-11 14:14:41,538 INFO  [http-nio-8080-exec-2] br.com.hdi.reinsurance.accounting.service.ReinsuranceService = > [START] Updating database flag on row 2...
""2020-08-11 14:14:41,538 INFO  [http-nio-8080-exec-2] br.com.hdi.reinsurance.accounting.service.ReinsuranceService = > [END]   Updating database flag on row 2...
""2020-08-11 14:14:41,601 INFO  [http-nio-8080-exec-2] br.com.hdi.reinsurance.accounting.service.ReinsuranceService = > Processing entries 3...
""2020-08-11 14:14:41,602 INFO  [http-nio-8080-exec-2] br.com.hdi.reinsurance.accounting.service.ReinsuranceService = > [START] Updating database flag on row 3...
""2020-08-11 14:14:41,603 INFO  [http-nio-8080-exec-2] br.com.hdi.reinsurance.accounting.service.ReinsuranceService = > [END]   Updating database flag on row 3...
""2020-08-11 14:14:41,668 INFO  [http-nio-8080-exec-2] br.com.hdi.reinsurance.accounting.service.ReinsuranceService = > Processing entries 4...
""2020-08-11 14:14:41,668 INFO  [http-nio-8080-exec-2] br.com.hdi.reinsurance.accounting.service.ReinsuranceService = > [START] Updating database flag on row 4...
""2020-08-11 14:14:41,669 INFO  [http-nio-8080-exec-2] br.com.hdi.reinsurance.accounting.service.ReinsuranceService = > [END]   Updating database flag on row 4...
""2020-08-11 14:14:41,732 INFO  [http-nio-8080-exec-2] br.com.hdi.reinsurance.accounting.service.ReinsuranceService = > Processing entries 5...
""2020-08-11 14:14:41,732 INFO  [http-nio-8080-exec-2] br.com.hdi.reinsurance.accounting.service.ReinsuranceService = > [START] Updating database flag on row 5...
""2020-08-11 14:14:41,732 INFO  [http-nio-8080-exec-2] br.com.hdi.reinsurance.accounting.service.ReinsuranceService = > [END]   Updating database flag on row 5...
""2020-08-11 14:14:41,791 INFO  [http-nio-8080-exec-2] br.com.hdi.reinsurance.accounting.service.ReinsuranceService = > Processing entries 6...
""2020-08-11 14:14:41,792 INFO  [http-nio-8080-exec-2] br.com.hdi.reinsurance.accounting.service.ReinsuranceService = > [START] Updating database flag on row 6...
""2020-08-11 14:14:41,793 INFO  [http-nio-8080-exec-2] br.com.hdi.reinsurance.accounting.service.ReinsuranceService = > [END]   Updating database flag on row 6...
""2020-08-11 14:14:41,863 INFO  [http-nio-8080-exec-2] br.com.hdi.reinsurance.accounting.service.ReinsuranceService = > Processing entries 7...
""2020-08-11 14:14:41,864 INFO  [http-nio-8080-exec-2] br.com.hdi.reinsurance.accounting.service.ReinsuranceService = > [START] Updating database flag on row 7...
""2020-08-11 14:14:41,864 INFO  [http-nio-8080-exec-2] br.com.hdi.reinsurance.accounting.service.ReinsuranceService = > [END]   Updating database flag on row 7...
""2020-08-11 14:14:41,925 INFO  [http-nio-8080-exec-2] br.com.hdi.reinsurance.accounting.service.ReinsuranceService = > Processing entries 8...
""2020-08-11 14:14:41,925 INFO  [http-nio-8080-exec-2] br.com.hdi.reinsurance.accounting.service.ReinsuranceService = > [START] Updating database flag on row 8...
""2020-08-11 14:14:41,926 INFO  [http-nio-8080-exec-2] br.com.hdi.reinsurance.accounting.service.ReinsuranceService = > [END]   Updating database flag on row 8...
""2020-08-11 14:14:41,999 INFO  [http-nio-8080-exec-2] br.com.hdi.reinsurance.accounting.service.ReinsuranceService = > Processing entries 9...
""2020-08-11 14:14:41,999 INFO  [http-nio-8080-exec-2] br.com.hdi.reinsurance.accounting.service.ReinsuranceService = > [START] Updating database flag on row 9...
""2020-08-11 14:14:42,000 INFO  [http-nio-8080-exec-2] br.com.hdi.reinsurance.accounting.service.ReinsuranceService = > [END]   Updating database flag on row 9...
""2020-08-11 14:14:42,059 INFO  [http-nio-8080-exec-2] br.com.hdi.reinsurance.accounting.service.ReinsuranceService = > Processing entries 10...
""2020-08-11 14:14:42,059 INFO  [http-nio-8080-exec-2] br.com.hdi.reinsurance.accounting.service.ReinsuranceService = > [START] Updating database flag on row 10...
""2020-08-11 14:14:42,060 INFO  [http-nio-8080-exec-2] br.com.hdi.reinsurance.accounting.service.ReinsuranceService = > [END]   Updating database flag on row 10...
""2020-08-11 14:14:42,116 INFO  [http-nio-8080-exec-2] br.com.hdi.reinsurance.accounting.service.ReinsuranceService = > Processing entries 11...
""2020-08-11 14:14:42,116 INFO  [http-nio-8080-exec-2] br.com.hdi.reinsurance.accounting.service.ReinsuranceService = > [START] Updating database flag on row 11...
""2020-08-11 14:14:42,116 INFO  [http-nio-8080-exec-2] br.com.hdi.reinsurance.accounting.service.ReinsuranceService = > [END]   Updating database flag on row 11...
""2020-08-11 14:14:42,174 INFO  [http-nio-8080-exec-2] br.com.hdi.reinsurance.accounting.service.ReinsuranceService = > Processing entries 12...
""2020-08-11 14:14:42,174 INFO  [http-nio-8080-exec-2] br.com.hdi.reinsurance.accounting.service.ReinsuranceService = > [START] Updating database flag on row 12...
""2020-08-11 14:14:42,174 INFO  [http-nio-8080-exec-2] br.com.hdi.reinsurance.accounting.service.ReinsuranceService = > [END]   Updating database flag on row 12...
""2020-08-11 14:14:42,203 INFO  [http-nio-8080-exec-2] br.com.hdi.reinsurance.accounting.service.ReinsuranceService = Successfully generated accounting for 12 rows
""2020-08-11 14:25:47,891 INFO  [restartedMain] br.com.hdi.reinsurance.accounting.ReinsuranceApplication = Starting ReinsuranceApplication on HP-NOTEBOOK with PID 54112 (C:\Users\HP\IdeaProjects\ins-cr-policy-reinsurance-accounting-be\target\classes started by rpsilva in C:\Users\HP\IdeaProjects\ins-cr-policy-reinsurance-accounting-be)
""2020-08-11 14:25:47,898 INFO  [restartedMain] br.com.hdi.reinsurance.accounting.ReinsuranceApplication = No active profile set, falling back to default profiles: default
""2020-08-11 14:25:48,081 INFO  [restartedMain] org.springframework.boot.devtools.env.DevToolsPropertyDefaultsPostProcessor = Devtools property defaults active! Set 'spring.devtools.add-properties' to 'false' to disable
""2020-08-11 14:25:48,081 INFO  [restartedMain] org.springframework.boot.devtools.env.DevToolsPropertyDefaultsPostProcessor = For additional web related logging consider setting the 'logging.level.web' property to 'DEBUG'
""2020-08-11 14:25:54,847 INFO  [restartedMain] org.springframework.context.support.PostProcessorRegistrationDelegate$BeanPostProcessorChecker = Bean 'org.springframework.transaction.annotation.ProxyTransactionManagementConfiguration' of type [org.springframework.transaction.annotation.ProxyTransactionManagementConfiguration$$EnhancerBySpringCGLIB$$53ddc498] is not eligible for getting processed by all BeanPostProcessors (for example: not eligible for auto-proxying)
""2020-08-11 14:25:58,194 INFO  [restartedMain] org.springframework.boot.web.embedded.tomcat.TomcatWebServer = Tomcat initialized with port(s): 8080 (http)
""2020-08-11 14:25:58,678 INFO  [restartedMain] org.apache.catalina.core.StandardService = Starting service [Tomcat]
""2020-08-11 14:25:58,679 INFO  [restartedMain] org.apache.catalina.core.StandardEngine = Starting Servlet engine: [Apache Tomcat/9.0.22]
""2020-08-11 14:25:59,853 INFO  [restartedMain] org.apache.catalina.core.ContainerBase.[Tomcat].[localhost].[/] = Initializing Spring embedded WebApplicationContext
""2020-08-11 14:25:59,854 INFO  [restartedMain] org.springframework.web.context.ContextLoader = Root WebApplicationContext: initialization completed in 11773 ms
""2020-08-11 14:26:00,956 INFO  [restartedMain] org.springframework.aop.framework.CglibAopProxy = Unable to proxy interface-implementing method [public final void org.springframework.dao.support.DaoSupport.afterPropertiesSet() throws java.lang.IllegalArgumentException,org.springframework.beans.factory.BeanInitializationException] because it is marked as final: Consider using interface-based JDK proxies instead!
""2020-08-11 14:26:01,399 INFO  [restartedMain] org.springframework.scheduling.concurrent.ThreadPoolTaskExecutor = Initializing ExecutorService 'applicationTaskExecutor'
""2020-08-11 14:26:02,336 INFO  [restartedMain] org.springframework.boot.devtools.autoconfigure.OptionalLiveReloadServer = LiveReload server is running on port 35729
""2020-08-11 14:26:02,353 INFO  [restartedMain] org.springframework.boot.actuate.endpoint.web.EndpointLinksResolver = Exposing 2 endpoint(s) beneath base path '/actuator'
""2020-08-11 14:26:02,521 INFO  [restartedMain] org.springframework.boot.web.embedded.tomcat.TomcatWebServer = Tomcat started on port(s): 8080 (http) with context path ''
""2020-08-11 14:26:02,530 INFO  [restartedMain] br.com.hdi.reinsurance.accounting.ReinsuranceApplication = Started ReinsuranceApplication in 15.825 seconds (JVM running for 17.253)
""2020-08-11 14:42:49,362 INFO  [http-nio-8080-exec-2] org.apache.catalina.core.ContainerBase.[Tomcat].[localhost].[/] = Initializing Spring DispatcherServlet 'dispatcherServlet'
""2020-08-11 14:42:49,363 INFO  [http-nio-8080-exec-2] org.springframework.web.servlet.DispatcherServlet = Initializing Servlet 'dispatcherServlet'
""2020-08-11 14:42:49,409 INFO  [http-nio-8080-exec-2] org.springframework.web.servlet.DispatcherServlet = Completed initialization in 45 ms
""2020-08-11 14:42:49,647 INFO  [http-nio-8080-exec-2] br.com.hdi.reinsurance.accounting.controller.ReinsuranceController = Business Validation - REQUEST PARAMS: xCompanyId:1 | xApplicationId:2 | xUserId:"icatu" | xTraceId:"4"
""2020-08-11 14:42:49,702 INFO  [http-nio-8080-exec-2] br.com.hdi.reinsurance.accounting.service.ReinsuranceService = > Processing PMD Accounting...
""2020-08-11 14:42:49,712 INFO  [http-nio-8080-exec-2] br.com.hdi.reinsurance.accounting.service.ReinsuranceService = > [START] Getting param date to filter PMD ...
""2020-08-11 14:42:54,955 WARN  [http-nio-8080-exec-2] org.springframework.web.servlet.mvc.method.annotation.ExceptionHandlerExceptionResolver = Resolved [br.com.hdi.reinsurance.accounting.handle.ApiException: I/O error on GET request for "https://openapi-dev-internal.hdi.com.br/corporate/integration/v1/queryconnector": Remote host closed connection during handshake; nested exception is javax.net.ssl.SSLHandshakeException: Remote host closed connection during handshake]
""2020-08-11 14:43:05,394 INFO  [http-nio-8080-exec-3] br.com.hdi.reinsurance.accounting.controller.ReinsuranceController = Business Validation - REQUEST PARAMS: xCompanyId:1 | xApplicationId:2 | xUserId:"icatu" | xTraceId:"4"
""2020-08-11 14:43:05,396 INFO  [http-nio-8080-exec-3] br.com.hdi.reinsurance.accounting.service.ReinsuranceService = > Processing PMD Accounting...
""2020-08-11 14:43:05,417 INFO  [http-nio-8080-exec-3] br.com.hdi.reinsurance.accounting.service.ReinsuranceService = > [START] Getting param date to filter PMD ...
""2020-08-11 14:43:06,096 INFO  [http-nio-8080-exec-3] br.com.hdi.reinsurance.accounting.service.ReinsuranceService = > [END] Getting param date to filter PMD ...
""2020-08-11 14:43:06,097 INFO  [http-nio-8080-exec-3] br.com.hdi.reinsurance.accounting.service.ReinsuranceService = > [START] Getting PMD via Query Connector ...
""2020-08-11 14:43:06,379 INFO  [http-nio-8080-exec-3] br.com.hdi.reinsurance.accounting.service.ReinsuranceService = > [END] Getting PMD via Query Connector ...
""2020-08-11 14:43:06,441 INFO  [http-nio-8080-exec-3] br.com.hdi.reinsurance.accounting.service.ReinsuranceService = > Processing entries 1...
""2020-08-11 14:43:06,455 INFO  [http-nio-8080-exec-3] br.com.hdi.reinsurance.accounting.service.ReinsuranceService = > [START] Updating database flag on row 1...
""2020-08-11 14:43:06,456 INFO  [http-nio-8080-exec-3] br.com.hdi.reinsurance.accounting.service.ReinsuranceService = > [END]   Updating database flag on row 1...
""2020-08-11 14:43:06,535 INFO  [http-nio-8080-exec-3] br.com.hdi.reinsurance.accounting.service.ReinsuranceService = > Processing entries 2...
""2020-08-11 14:43:06,535 INFO  [http-nio-8080-exec-3] br.com.hdi.reinsurance.accounting.service.ReinsuranceService = > [START] Updating database flag on row 2...
""2020-08-11 14:43:06,535 INFO  [http-nio-8080-exec-3] br.com.hdi.reinsurance.accounting.service.ReinsuranceService = > [END]   Updating database flag on row 2...
""2020-08-11 14:43:06,619 INFO  [http-nio-8080-exec-3] br.com.hdi.reinsurance.accounting.service.ReinsuranceService = > Processing entries 3...
""2020-08-11 14:43:06,620 INFO  [http-nio-8080-exec-3] br.com.hdi.reinsurance.accounting.service.ReinsuranceService = > [START] Updating database flag on row 3...
""2020-08-11 14:43:06,620 INFO  [http-nio-8080-exec-3] br.com.hdi.reinsurance.accounting.service.ReinsuranceService = > [END]   Updating database flag on row 3...
""2020-08-11 14:43:06,727 INFO  [http-nio-8080-exec-3] br.com.hdi.reinsurance.accounting.service.ReinsuranceService = > Processing entries 4...
""2020-08-11 14:43:06,727 INFO  [http-nio-8080-exec-3] br.com.hdi.reinsurance.accounting.service.ReinsuranceService = > [START] Updating database flag on row 4...
""2020-08-11 14:43:06,728 INFO  [http-nio-8080-exec-3] br.com.hdi.reinsurance.accounting.service.ReinsuranceService = > [END]   Updating database flag on row 4...
""2020-08-11 14:43:06,817 INFO  [http-nio-8080-exec-3] br.com.hdi.reinsurance.accounting.service.ReinsuranceService = > Processing entries 5...
""2020-08-11 14:43:06,817 INFO  [http-nio-8080-exec-3] br.com.hdi.reinsurance.accounting.service.ReinsuranceService = > [START] Updating database flag on row 5...
""2020-08-11 14:43:06,817 INFO  [http-nio-8080-exec-3] br.com.hdi.reinsurance.accounting.service.ReinsuranceService = > [END]   Updating database flag on row 5...
""2020-08-11 14:43:06,881 INFO  [http-nio-8080-exec-3] br.com.hdi.reinsurance.accounting.service.ReinsuranceService = > Processing entries 6...
""2020-08-11 14:43:06,882 INFO  [http-nio-8080-exec-3] br.com.hdi.reinsurance.accounting.service.ReinsuranceService = > [START] Updating database flag on row 6...
""2020-08-11 14:43:06,883 INFO  [http-nio-8080-exec-3] br.com.hdi.reinsurance.accounting.service.ReinsuranceService = > [END]   Updating database flag on row 6...
""2020-08-11 14:43:07,015 INFO  [http-nio-8080-exec-3] br.com.hdi.reinsurance.accounting.service.ReinsuranceService = > Processing entries 7...
""2020-08-11 14:43:07,016 INFO  [http-nio-8080-exec-3] br.com.hdi.reinsurance.accounting.service.ReinsuranceService = > [START] Updating database flag on row 7...
""2020-08-11 14:43:07,016 INFO  [http-nio-8080-exec-3] br.com.hdi.reinsurance.accounting.service.ReinsuranceService = > [END]   Updating database flag on row 7...
""2020-08-11 14:43:07,096 INFO  [http-nio-8080-exec-3] br.com.hdi.reinsurance.accounting.service.ReinsuranceService = > Processing entries 8...
""2020-08-11 14:43:07,096 INFO  [http-nio-8080-exec-3] br.com.hdi.reinsurance.accounting.service.ReinsuranceService = > [START] Updating database flag on row 8...
""2020-08-11 14:43:07,096 INFO  [http-nio-8080-exec-3] br.com.hdi.reinsurance.accounting.service.ReinsuranceService = > [END]   Updating database flag on row 8...
""2020-08-11 14:43:07,165 INFO  [http-nio-8080-exec-3] br.com.hdi.reinsurance.accounting.service.ReinsuranceService = > Processing entries 9...
""2020-08-11 14:43:07,165 INFO  [http-nio-8080-exec-3] br.com.hdi.reinsurance.accounting.service.ReinsuranceService = > [START] Updating database flag on row 9...
""2020-08-11 14:43:07,165 INFO  [http-nio-8080-exec-3] br.com.hdi.reinsurance.accounting.service.ReinsuranceService = > [END]   Updating database flag on row 9...
""2020-08-11 14:43:07,246 INFO  [http-nio-8080-exec-3] br.com.hdi.reinsurance.accounting.service.ReinsuranceService = > Processing entries 10...
""2020-08-11 14:43:07,246 INFO  [http-nio-8080-exec-3] br.com.hdi.reinsurance.accounting.service.ReinsuranceService = > [START] Updating database flag on row 10...
""2020-08-11 14:43:07,247 INFO  [http-nio-8080-exec-3] br.com.hdi.reinsurance.accounting.service.ReinsuranceService = > [END]   Updating database flag on row 10...
""2020-08-11 14:43:07,306 INFO  [http-nio-8080-exec-3] br.com.hdi.reinsurance.accounting.service.ReinsuranceService = > Processing entries 11...
""2020-08-11 14:43:07,306 INFO  [http-nio-8080-exec-3] br.com.hdi.reinsurance.accounting.service.ReinsuranceService = > [START] Updating database flag on row 11...
""2020-08-11 14:43:07,306 INFO  [http-nio-8080-exec-3] br.com.hdi.reinsurance.accounting.service.ReinsuranceService = > [END]   Updating database flag on row 11...
""2020-08-11 14:43:07,384 INFO  [http-nio-8080-exec-3] br.com.hdi.reinsurance.accounting.service.ReinsuranceService = > Processing entries 12...
""2020-08-11 14:43:07,384 INFO  [http-nio-8080-exec-3] br.com.hdi.reinsurance.accounting.service.ReinsuranceService = > [START] Updating database flag on row 12...
""2020-08-11 14:43:07,385 INFO  [http-nio-8080-exec-3] br.com.hdi.reinsurance.accounting.service.ReinsuranceService = > [END]   Updating database flag on row 12...
""2020-08-11 14:43:07,557 INFO  [http-nio-8080-exec-3] br.com.hdi.reinsurance.accounting.service.ReinsuranceService = Successfully generated accounting for 12 rows
"